<?xml version="1.0" encoding="UTF-8"?>
<robot generator="Robot 5.0.1 (Python 3.10.5 on win32)" generated="20220808 15:56:46.835" rpa="false" schemaversion="3">
<suite id="s1" name="Magazineluiza Testes" source="C:\Projeto_pessoal_Robot\Robotframework\Webtesting\magazineluiza_testes.robot">
<test id="s1-t1" name="Caso de Teste 04 - Remover Produto do Carrinho" line="36">
<kw name="Abrir navegador" library="magazineluiza_resources" type="SETUP">
<kw name="Open Browser" library="SeleniumLibrary">
<arg>browser=chrome</arg>
<doc>Opens a new browser instance to the optional ``url``.</doc>
<msg timestamp="20220808 15:56:47.102" level="INFO">Opening browser 'chrome' to base url 'None'.</msg>
<status status="PASS" starttime="20220808 15:56:47.101" endtime="20220808 15:56:48.493"/>
</kw>
<status status="PASS" starttime="20220808 15:56:47.101" endtime="20220808 15:56:48.494"/>
</kw>
<kw name="Acessar a home page do site magazineluiza.com.br" library="magazineluiza_resources">
<kw name="Go To" library="SeleniumLibrary">
<arg>url=${URL}</arg>
<doc>Navigates the current browser window to the provided ``url``.</doc>
<msg timestamp="20220808 15:56:48.494" level="INFO">Opening url 'https://www.magazineluiza.com.br/'</msg>
<status status="PASS" starttime="20220808 15:56:48.494" endtime="20220808 15:56:50.759"/>
</kw>
<kw name="Wait Until Element Is Visible" library="SeleniumLibrary">
<arg>locator=${MENU_BEMVINDO}</arg>
<doc>Waits until the element ``locator`` is visible.</doc>
<status status="PASS" starttime="20220808 15:56:50.760" endtime="20220808 15:56:50.783"/>
</kw>
<status status="PASS" starttime="20220808 15:56:48.494" endtime="20220808 15:56:50.783"/>
</kw>
<kw name="Digitar o nome do produto &quot;geladeira&quot;" library="magazineluiza_resources" sourcename="Digitar o nome do produto &quot;${PRODUTO}&quot;">
<kw name="Input Text" library="SeleniumLibrary">
<arg>locator=input-search</arg>
<arg>text=${PRODUTO}</arg>
<doc>Types the given ``text`` into the text field identified by ``locator``.</doc>
<msg timestamp="20220808 15:56:50.785" level="INFO">Typing text 'geladeira' into text field 'input-search'.</msg>
<status status="PASS" starttime="20220808 15:56:50.784" endtime="20220808 15:56:51.424"/>
</kw>
<status status="PASS" starttime="20220808 15:56:50.784" endtime="20220808 15:56:51.424"/>
</kw>
<kw name="Clicar no botão de pesquisa" library="magazineluiza_resources">
<kw name="Wait Until Element Is Visible" library="SeleniumLibrary">
<arg>locator=//div[@data-testid='suggestion-text'][contains(.,'geladeira refrigerador')]</arg>
<doc>Waits until the element ``locator`` is visible.</doc>
<status status="PASS" starttime="20220808 15:56:51.425" endtime="20220808 15:56:52.369"/>
</kw>
<kw name="Click Element" library="SeleniumLibrary">
<arg>locator=//div[@data-testid='suggestion-text'][contains(.,'geladeira refrigerador')]</arg>
<doc>Click the element identified by ``locator``.</doc>
<msg timestamp="20220808 15:56:52.370" level="INFO">Clicking element '//div[@data-testid='suggestion-text'][contains(.,'geladeira refrigerador')]'.</msg>
<status status="PASS" starttime="20220808 15:56:52.369" endtime="20220808 15:56:52.686"/>
</kw>
<status status="PASS" starttime="20220808 15:56:51.425" endtime="20220808 15:56:52.686"/>
</kw>
<kw name="Verificar o resultado da pesquisa, listando o produto &quot;Geladeira Electrolux 260 Litros Cycle Defrost Branca DC35A - 110V&quot;" library="magazineluiza_resources" sourcename="Verificar o resultado da pesquisa, listando o produto &quot;${PRODUTO}&quot;">
<kw name="Wait Until Element Is Visible" library="SeleniumLibrary">
<arg>locator=//h2[@data-testid='product-title'][contains(.,'Geladeira Electrolux 260 Litros Cycle Defrost Branca DC35A - 110V')]</arg>
<doc>Waits until the element ``locator`` is visible.</doc>
<status status="PASS" starttime="20220808 15:56:52.691" endtime="20220808 15:56:55.903"/>
</kw>
<status status="PASS" starttime="20220808 15:56:52.690" endtime="20220808 15:56:55.904"/>
</kw>
<kw name="Adicionar o produto &quot;Geladeira Electrolux 260 Litros Cycle Defrost Branca DC35A - 110V&quot; no carrinho" library="magazineluiza_resources" sourcename="Adicionar o produto &quot;${PRODUTO}&quot; no carrinho">
<kw name="Click Image" library="SeleniumLibrary">
<arg>locator=//img[contains(@alt,'Geladeira Electrolux 260 Litros Cycle Defrost Branca DC35A - 110V')]</arg>
<doc>Clicks an image identified by ``locator``.</doc>
<msg timestamp="20220808 15:56:55.904" level="INFO">Clicking image '//img[contains(@alt,'Geladeira Electrolux 260 Litros Cycle Defrost Branca DC35A - 110V')]'.</msg>
<status status="PASS" starttime="20220808 15:56:55.904" endtime="20220808 15:56:56.298"/>
</kw>
<kw name="Wait Until Element Is Visible" library="SeleniumLibrary">
<arg>locator=(//button[@color='secondary'][contains(.,'Adicionar à Sacola')])[1]</arg>
<doc>Waits until the element ``locator`` is visible.</doc>
<status status="PASS" starttime="20220808 15:56:56.299" endtime="20220808 15:56:59.206"/>
</kw>
<kw name="Click Element" library="SeleniumLibrary">
<arg>locator=(//label[@class='sc-bYoBSM jltFsr'][contains(.,'Adicionar à Sacola')])[1]</arg>
<doc>Click the element identified by ``locator``.</doc>
<msg timestamp="20220808 15:56:59.207" level="INFO">Clicking element '(//label[@class='sc-bYoBSM jltFsr'][contains(.,'Adicionar à Sacola')])[1]'.</msg>
<status status="PASS" starttime="20220808 15:56:59.206" endtime="20220808 15:56:59.380"/>
</kw>
<status status="PASS" starttime="20220808 15:56:55.904" endtime="20220808 15:56:59.381"/>
</kw>
<kw name="Verificar se o produto &quot;Geladeira Electrolux 260 Litros Cycle Defrost Branca DC35A - 110V&quot; foi adicionado com sucesso" library="magazineluiza_resources" sourcename="Verificar se o produto &quot;${PRODUTO}&quot; foi adicionado com sucesso">
<kw name="Wait Until Element Is Visible" library="SeleniumLibrary">
<arg>locator=//p[@class='BasketItemProduct-info-sku'][contains(.,'Código do produto: be3401f26f')]</arg>
<doc>Waits until the element ``locator`` is visible.</doc>
<status status="PASS" starttime="20220808 15:56:59.385" endtime="20220808 15:57:01.989"/>
</kw>
<status status="PASS" starttime="20220808 15:56:59.384" endtime="20220808 15:57:01.989"/>
</kw>
<kw name="Remover o produto &quot;Geladeira Electrolux 260 Litros Cycle Defrost Branca DC35A - 110V&quot; do carrinho" library="magazineluiza_resources" sourcename="Remover o produto &quot;${PRODUTO}&quot; do carrinho">
<kw name="Click Button" library="SeleniumLibrary">
<arg>locator=//button[@class='BasketItemProduct-quantity-remove'][contains(.,'Excluir')]</arg>
<doc>Clicks the button identified by ``locator``.</doc>
<msg timestamp="20220808 15:57:01.991" level="INFO">Clicking button '//button[@class='BasketItemProduct-quantity-remove'][contains(.,'Excluir')]'.</msg>
<status status="PASS" starttime="20220808 15:57:01.990" endtime="20220808 15:57:02.159"/>
</kw>
<status status="PASS" starttime="20220808 15:57:01.990" endtime="20220808 15:57:02.159"/>
</kw>
<kw name="Verificar se o carrinho fica vazio" library="magazineluiza_resources">
<kw name="Wait Until Element Is Visible" library="SeleniumLibrary">
<arg>locator=//div[@class='EmptyBasket-title'][contains(.,'Sua sacola está vazia')]</arg>
<doc>Waits until the element ``locator`` is visible.</doc>
<status status="PASS" starttime="20220808 15:57:02.160" endtime="20220808 15:57:03.393"/>
</kw>
<status status="PASS" starttime="20220808 15:57:02.160" endtime="20220808 15:57:03.393"/>
</kw>
<kw name="Fechar navegador" library="magazineluiza_resources" type="TEARDOWN">
<kw name="Sleep" library="BuiltIn">
<arg>5s</arg>
<doc>Pauses the test executed for the given time.</doc>
<msg timestamp="20220808 15:57:08.401" level="INFO">Slept 5 seconds</msg>
<status status="PASS" starttime="20220808 15:57:03.394" endtime="20220808 15:57:08.401"/>
</kw>
<kw name="Capture Page Screenshot" library="SeleniumLibrary">
<doc>Takes a screenshot of the current page and embeds it into a log file.</doc>
<msg timestamp="20220808 15:57:08.543" level="INFO" html="true">&lt;/td&gt;&lt;/tr&gt;&lt;tr&gt;&lt;td colspan="3"&gt;&lt;a href="selenium-screenshot-44.png"&gt;&lt;img src="selenium-screenshot-44.png" width="800px"&gt;&lt;/a&gt;</msg>
<status status="PASS" starttime="20220808 15:57:08.401" endtime="20220808 15:57:08.543"/>
</kw>
<kw name="Close Browser" library="SeleniumLibrary">
<doc>Closes the current browser.</doc>
<status status="PASS" starttime="20220808 15:57:08.544" endtime="20220808 15:57:10.955"/>
</kw>
<status status="PASS" starttime="20220808 15:57:03.394" endtime="20220808 15:57:10.956"/>
</kw>
<doc>Esse teste verifica a remoção de um produto no carrinho de compras</doc>
<tag>remover_carrinho</tag>
<status status="PASS" starttime="20220808 15:56:47.101" endtime="20220808 15:57:10.957"/>
</test>
<doc>Essa suíte testa o site da magazine Luiza</doc>
<status status="PASS" starttime="20220808 15:56:46.838" endtime="20220808 15:57:10.960"/>
</suite>
<statistics>
<total>
<stat pass="1" fail="0" skip="0">All Tests</stat>
</total>
<tag>
<stat pass="1" fail="0" skip="0">remover_carrinho</stat>
</tag>
<suite>
<stat pass="1" fail="0" skip="0" id="s1" name="Magazineluiza Testes">Magazineluiza Testes</stat>
</suite>
</statistics>
<errors>
</errors>
</robot>
